
Turn 7
================================================================
warning: entity 5 was directed to use 3 halite to move east, but only 0 halite was available
At command 3 of 4:
    1   m 1 o
    2   m 3 n
>>> 3   m 5 e
    4   g


Turn 9
================================================================
warning: entity 7 was directed to use 2 halite to move south, but only 0 halite was available
At command 4 of 5:
    2   m 3 e
    3   m 5 e
>>> 4   m 7 s
    5   g


Turn 10
================================================================
warning: entity 5 was directed to use 9 halite to move north, but only 6 halite was available
At command 4 of 5:
    2   m 9 s
    3   m 3 o
>>> 4   m 5 n
    5   m 1 o

warning: owned entities 9, 5 collided on cell (8, 17) as the result of moves on this turn
At command 2 of 5:
    1   m 7 s
>>> 2   m 9 s
    3   m 3 o
    4   m 5 n

