
Turn 3
================================================================
warning: entity 0 was directed to use 9 halite to move east, but only 0 halite was available
At command 1 of 2:
>>> 1   m 0 e
    2   g


Turn 5
================================================================
warning: owned entities 0, 2 collided on cell (22, 16) as the result of moves on this turn
At command 1 of 3:
>>> 1   m 0 n
    2   m 2 o
    3   g


Turn 9
================================================================
warning: entity 6 was directed to use 7 halite to move south, but only 0 halite was available
At command 2 of 3:
    1   m 4 o
>>> 2   m 6 s
    3   g

